<?xml version="1.0" encoding="UTF-8"?>
<testsuite xmlns:xsi="http://www.w3.org/2001/XMLSchema-instance" xsi:noNamespaceSchemaLocation="https://maven.apache.org/surefire/maven-surefire-plugin/xsd/surefire-test-report-3.0.xsd" version="3.0" name="lk.oceanview.model.BillTest" time="0.011" tests="15" errors="0" skipped="0" failures="0">
  <properties>
[...]
</properties>
  <testcase name="testCalculateBill_reservationId" classname="lk.oceanview.model.BillTest" time="0.042"/>
  <testcase name="testCalculateBill_reservationId" classname="lk.oceanview.model.BillTest" time="0.001"/>
  <testcase name="testCalculateBill_vatAmount_noDiscount" classname="lk.oceanview.model.BillTest" time="0.001"/>
  <testcase name="testCalculateBill_vatAmount_noDiscount" classname="lk.oceanview.model.BillTest" time="0.001"/>
  <testcase name="testCalculateBill_paymentMethod" classname="lk.oceanview.model.BillTest" time="0.001"/>
  <testcase name="testCalculateBill_paymentMethod" classname="lk.oceanview.model.BillTest" time="0.0"/>
  <testcase name="testCalculateBill_totalAmount_noDiscount" classname="lk.oceanview.model.BillTest" time="0.001"/>
  <testcase name="testCalculateBill_totalAmount_noDiscount" classname="lk.oceanview.model.BillTest" time="0.0"/>
  <testcase name="testTaxRateConstant" classname="lk.oceanview.model.BillTest" time="0.001"/>
  <testcase name="testTaxRateConstant" classname="lk.oceanview.model.BillTest" time="0.0"/>
  <testcase name="testSetDiscountAmount" classname="lk.oceanview.model.BillTest" time="0.001"/>
  <testcase name="testSetDiscountAmount" classname="lk.oceanview.model.BillTest" time="0.001"/>
  <testcase name="testCalculateBill_roomCharges" classname="lk.oceanview.model.BillTest" time="0.002"/>
  <testcase name="testCalculateBill_roomCharges" classname="lk.oceanview.model.BillTest" time="0.0"/>
  <testcase name="testSetBillId" classname="lk.oceanview.model.BillTest" time="0.0"/>
  <testcase name="testSetBillId" classname="lk.oceanview.model.BillTest" time="0.001"/>
  <testcase name="testCalculateBill_vatAfterDiscount" classname="lk.oceanview.model.BillTest" time="0.001"/>
  <testcase name="testCalculateBill_vatAfterDiscount" classname="lk.oceanview.model.BillTest" time="0.001"/>
  <testcase name="testConstructor_defaultPaymentStatus" classname="lk.oceanview.model.BillTest" time="0.0"/>
  <testcase name="testConstructor_defaultPaymentStatus" classname="lk.oceanview.model.BillTest" time="0.0"/>
  <testcase name="testCalculateBill_oneNight" classname="lk.oceanview.model.BillTest" time="0.0"/>
  <testcase name="testCalculateBill_oneNight" classname="lk.oceanview.model.BillTest" time="0.0"/>
  <testcase name="testCalculateBill_zeroDiscount" classname="lk.oceanview.model.BillTest" time="0.0"/>
  <testcase name="testCalculateBill_zeroDiscount" classname="lk.oceanview.model.BillTest" time="0.001"/>
  <testcase name="testSetPaymentStatus_toPaid" classname="lk.oceanview.model.BillTest" time="0.001"/>
  <testcase name="testSetPaymentStatus_toPaid" classname="lk.oceanview.model.BillTest" time="0.0"/>
  <testcase name="testCalculateBill_fullDiscount" classname="lk.oceanview.model.BillTest" time="0.0"/>
  <testcase name="testCalculateBill_fullDiscount" classname="lk.oceanview.model.BillTest" time="0.001"/>
  <testcase name="testCalculateBill_totalAmount_withDiscount" classname="lk.oceanview.model.BillTest" time="0.0"/>
  <testcase name="testCalculateBill_totalAmount_withDiscount" classname="lk.oceanview.model.BillTest" time="0.0"/>
</testsuite>